#
# A fatal error has been detected by the Java Runtime Environment:
#
#  EXCEPTION_ACCESS_VIOLATION (0xc0000005) at pc=0x00007ffb91a6ca28, pid=12360, tid=1640
#
# JRE version: Java(TM) SE Runtime Environment (17.0.2+8) (build 17.0.2+8-LTS-86)
# Java VM: Java HotSpot(TM) 64-Bit Server VM (17.0.2+8-LTS-86, mixed mode, sharing, tiered, compressed oops, compressed class ptrs, g1 gc, windows-amd64)
# Problematic frame:
# V  [jvm.dll+0x6bca28]
#
# No core dump will be written. Minidumps are not enabled by default on client versions of Windows
#
# If you would like to submit a bug report, please visit:
#   https://bugreport.java.com/bugreport/crash.jsp
#

---------------  S U M M A R Y ------------

Command Line: -javaagent:C:\Program Files\JetBrains\IntelliJ IDEA Community Edition 2022.2.2\lib\idea_rt.jar=20003:C:\Program Files\JetBrains\IntelliJ IDEA Community Edition 2022.2.2\bin -Dfile.encoding=UTF-8 com.example.app.AppApplication

Host: Intel(R) Core(TM) i7-2820QM CPU @ 2.30GHz, 8 cores, 11G,  Windows 10 , 64 bit Build 19041 (10.0.19041.2913)
Time: Wed May 24 21:24:09 2023 W. Europe Daylight Time elapsed time: 4.066639 seconds (0d 0h 0m 4s)

---------------  T H R E A D  ---------------

Current thread (0x00000110b0c78bf0):  JavaThread "C2 CompilerThread0" daemon [_thread_in_native, id=1640, stack(0x00000003f2300000,0x00000003f2400000)]


Current CompileTask:
C2:   4066 3051       4       org.springframework.beans.factory.support.AbstractBeanFactory::isTypeMatch (619 bytes)

Stack: [0x00000003f2300000,0x00000003f2400000],  sp=0x00000003f23fb580,  free space=1005k
Native frames: (J=compiled Java code, j=interpreted, Vv=VM code, C=native code)
V  [jvm.dll+0x6bca28]
V  [jvm.dll+0x1b9a71]
V  [jvm.dll+0x215de9]
V  [jvm.dll+0x2150b1]
V  [jvm.dll+0x1a1bbd]
V  [jvm.dll+0x224908]
V  [jvm.dll+0x222a6c]
V  [jvm.dll+0x7859bb]
V  [jvm.dll+0x77ff7a]
V  [jvm.dll+0x66fa35]
C  [ucrtbase.dll+0x21bb2]
C  [KERNEL32.DLL+0x17614]
C  [ntdll.dll+0x526a1]


siginfo: EXCEPTION_ACCESS_VIOLATION (0xc0000005), reading address 0x00000112b57a5898


Register to memory mapping:

RIP=0x00007ffb91a6ca28 jvm.dll
RAX=0x00000110b555c7c0 points into unknown readable memory: 0x0000000000000000 | 00 00 00 00 00 00 00 00
RBX=0x0000000000000007 is an unknown value
RCX=0x00000112b57a5870 is an unknown value
RDX=0x0 is NULL
RSP=0x00000003f23fb580 is pointing into the stack for thread: 0x00000110b0c78bf0
RBP=0x00000003f23fb680 is pointing into the stack for thread: 0x00000110b0c78bf0
RSI=0x00000110b7606fe0 points into unknown readable memory: 0x00007ffb91c32eb8 | b8 2e c3 91 fb 7f 00 00
RDI=0x00007ffb91ea0370 jvm.dll
R8 =0x0 is NULL
R9 =0x0 is NULL
R10=0x0000000000000001 is an unknown value
R11=0x0000000000000001 is an unknown value
R12=0x0000000000000001 is an unknown value
R13=0x0000000000000001 is an unknown value
R14=0x0000000000000007 is an unknown value
R15=0x00000003f23fbdf0 is pointing into the stack for thread: 0x00000110b0c78bf0


Registers:
RAX=0x00000110b555c7c0, RBX=0x0000000000000007, RCX=0x00000112b57a5870, RDX=0x0000000000000000
RSP=0x00000003f23fb580, RBP=0x00000003f23fb680, RSI=0x00000110b7606fe0, RDI=0x00007ffb91ea0370
R8 =0x0000000000000000, R9 =0x0000000000000000, R10=0x0000000000000001, R11=0x0000000000000001
R12=0x0000000000000001, R13=0x0000000000000001, R14=0x0000000000000007, R15=0x00000003f23fbdf0
RIP=0x00007ffb91a6ca28, EFLAGS=0x0000000000010293

Top of Stack: (sp=0x00000003f23fb580)
0x00000003f23fb580:   000000000009c890 00000003f23fb680
0x00000003f23fb590:   00000110b56be7d0 00000110b5ee08e0
0x00000003f23fb5a0:   0000011000002333 0000000000000002
0x00000003f23fb5b0:   0000000000002330 0000000000000001
0x00000003f23fb5c0:   0000000000000001 00000003f23fb830
0x00000003f23fb5d0:   0000000000000000 0000000000000001
0x00000003f23fb5e0:   0000000000000005 00000110b7c03f50
0x00000003f23fb5f0:   0000000100000001 0000000000000002
0x00000003f23fb600:   00007ffb91ea0370 00000110b7606fe0
0x00000003f23fb610:   0000000000000005 00000110b5330340
0x00000003f23fb620:   0000016200000000 00000110b5330350
0x00000003f23fb630:   00000110b8844b50 0000000000000000
0x00000003f23fb640:   00000110b883d2d0 00000110b8840f10
0x00000003f23fb650:   00000110b72acc30 00000110b5e44050
0x00000003f23fb660:   0000000000000000 00000110b74ae9d0
0x00000003f23fb670:   0000000000000004 0000000000000008 

Instructions: (pc=0x00007ffb91a6ca28)
0x00007ffb91a6c928:   e8 f3 a0 fd ff 4c 8b 4e 08 49 8b 0c d9 48 85 c9
0x00007ffb91a6c938:   74 2c 4c 8b 41 10 4d 85 c0 74 23 8b 41 20 49 8d
0x00007ffb91a6c948:   14 c0 66 0f 1f 44 00 00 48 39 72 f8 48 8d 52 f8
0x00007ffb91a6c958:   75 f6 ff c8 89 41 20 49 8b 0c c0 48 89 0a 48 8b
0x00007ffb91a6c968:   45 f8 33 f6 65 48 8b 14 25 58 00 00 00 b9 48 00
0x00007ffb91a6c978:   00 00 49 89 34 d9 48 8b 04 c2 40 38 34 01 75 05
0x00007ffb91a6c988:   e8 2f ef 16 00 41 8b d6 49 8d 4d 10 e8 a7 3b f9
0x00007ffb91a6c998:   ff 41 ff 4d 28 41 ff ce 41 ff 4d 70 41 ff 4d 78
0x00007ffb91a6c9a8:   41 ff c6 e9 31 fb ff ff 8b 46 2c 83 e0 7f 3c 4a
0x00007ffb91a6c9b8:   0f 84 7c 02 00 00 48 8b 06 48 8b ce ff 90 88 00
0x00007ffb91a6c9c8:   00 00 48 89 45 80 48 8b f8 48 85 c0 74 0b 48 8b
0x00007ffb91a6c9d8:   c8 e8 f2 c2 ae ff 44 8b e0 8b 4d 90 41 bd 01 00
0x00007ffb91a6c9e8:   00 00 44 89 64 24 60 44 89 6c 24 74 8d 41 ff 89
0x00007ffb91a6c9f8:   45 f0 41 3b cd 0f 86 2f 02 00 00 44 3b e8 76 0e
0x00007ffb91a6ca08:   41 8b c5 41 2b c4 a8 01 0f 84 07 02 00 00 48 8b
0x00007ffb91a6ca18:   46 08 45 8b e5 4a 8b 0c e0 49 8b 87 08 01 00 00
0x00007ffb91a6ca28:   48 63 51 28 8b 0c 90 41 3b 8f e0 00 00 00 0f 83
0x00007ffb91a6ca38:   dc 01 00 00 49 8b 47 70 8b d1 48 69 d9 b0 00 00
0x00007ffb91a6ca48:   00 48 8b 48 20 48 89 5d b8 81 7c 19 30 2f 75 00
0x00007ffb91a6ca58:   00 0f 8c b9 01 00 00 48 8b 45 e8 8b 34 90 48 8b
0x00007ffb91a6ca68:   45 98 44 8b fe 89 74 24 78 48 89 75 20 4c 8b 34
0x00007ffb91a6ca78:   f0 48 85 ff 0f 84 91 02 00 00 8b 4f 14 41 3b cd
0x00007ffb91a6ca88:   77 0f 44 3b 6f 18 73 09 41 8b c5 2b c1 a8 01 74
0x00007ffb91a6ca98:   1c 48 8b 0f 48 85 c9 0f 84 6e 02 00 00 41 8b d5
0x00007ffb91a6caa8:   e8 b3 d9 b3 ff 84 c0 0f 84 5e 02 00 00 48 8b 85
0x00007ffb91a6cab8:   10 03 00 00 49 8b ce 4c 8b 7c 24 68 49 8b d7 4c
0x00007ffb91a6cac8:   8b 40 10 e8 80 18 00 00 48 8b f0 48 85 c0 0f 84
0x00007ffb91a6cad8:   b2 12 00 00 4c 8b 85 10 03 00 00 49 8b 58 10 8b
0x00007ffb91a6cae8:   83 38 02 00 00 2b 83 60 02 00 00 03 05 9f 79 3c
0x00007ffb91a6caf8:   00 3b 43 68 0f 87 67 12 00 00 48 63 7e 28 49 8d
0x00007ffb91a6cb08:   98 00 01 00 00 8b 13 3b fa 7c 48 3b 7b 04 7c 13
0x00007ffb91a6cb18:   8b d7 48 8b cb e8 3e af 9f ff 8b 13 4c 8b 85 10 


Stack slot to memory mapping:
stack at sp + 0 slots: 0x000000000009c890 is an unknown value
stack at sp + 1 slots: 0x00000003f23fb680 is pointing into the stack for thread: 0x00000110b0c78bf0
stack at sp + 2 slots: 0x00000110b56be7d0 points into unknown readable memory: 0x00007ffb91c62c48 | 48 2c c6 91 fb 7f 00 00
stack at sp + 3 slots: 0x00000110b5ee08e0 points into unknown readable memory: 0x4042e6e924b8373c | 3c 37 b8 24 e9 e6 42 40
stack at sp + 4 slots: 0x0000011000002333 is an unknown value
stack at sp + 5 slots: 0x0000000000000002 is an unknown value
stack at sp + 6 slots: 0x0000000000002330 is an unknown value
stack at sp + 7 slots: 0x0000000000000001 is an unknown value


---------------  P R O C E S S  ---------------

Threads class SMR info:
_java_thread_list=0x00000110b54887b0, length=15, elements={
0x0000011092e92130, 0x00000110b0c5dfc0, 0x00000110b0c5ee30, 0x00000110b0c65910,
0x00000110b0c664c0, 0x00000110b0c68f80, 0x00000110b0c72950, 0x00000110b0c78bf0,
0x00000110b0c816a0, 0x00000110b0c868c0, 0x00000110b35d0090, 0x00000110b391be70,
0x00000110b391c340, 0x00000110b38c6740, 0x00000110b5533610
}

Java Threads: ( => current thread )
  0x0000011092e92130 JavaThread "main" [_thread_in_vm, id=11020, stack(0x00000003f1600000,0x00000003f1700000)]
  0x00000110b0c5dfc0 JavaThread "Reference Handler" daemon [_thread_blocked, id=4628, stack(0x00000003f1d00000,0x00000003f1e00000)]
  0x00000110b0c5ee30 JavaThread "Finalizer" daemon [_thread_blocked, id=14352, stack(0x00000003f1e00000,0x00000003f1f00000)]
  0x00000110b0c65910 JavaThread "Signal Dispatcher" daemon [_thread_blocked, id=1836, stack(0x00000003f1f00000,0x00000003f2000000)]
  0x00000110b0c664c0 JavaThread "Attach Listener" daemon [_thread_blocked, id=11648, stack(0x00000003f2000000,0x00000003f2100000)]
  0x00000110b0c68f80 JavaThread "Service Thread" daemon [_thread_blocked, id=11844, stack(0x00000003f2100000,0x00000003f2200000)]
  0x00000110b0c72950 JavaThread "Monitor Deflation Thread" daemon [_thread_blocked, id=2724, stack(0x00000003f2200000,0x00000003f2300000)]
=>0x00000110b0c78bf0 JavaThread "C2 CompilerThread0" daemon [_thread_in_native, id=1640, stack(0x00000003f2300000,0x00000003f2400000)]
  0x00000110b0c816a0 JavaThread "C1 CompilerThread0" daemon [_thread_in_native, id=3732, stack(0x00000003f2400000,0x00000003f2500000)]
  0x00000110b0c868c0 JavaThread "Sweeper thread" daemon [_thread_blocked, id=4236, stack(0x00000003f2500000,0x00000003f2600000)]
  0x00000110b35d0090 JavaThread "Common-Cleaner" daemon [_thread_blocked, id=15264, stack(0x00000003f2600000,0x00000003f2700000)]
  0x00000110b391be70 JavaThread "Monitor Ctrl-Break" daemon [_thread_in_native, id=14120, stack(0x00000003f2700000,0x00000003f2800000)]
  0x00000110b391c340 JavaThread "Notification Thread" daemon [_thread_blocked, id=15220, stack(0x00000003f2800000,0x00000003f2900000)]
  0x00000110b38c6740 JavaThread "C2 CompilerThread1" daemon [_thread_in_native, id=2060, stack(0x00000003f2a00000,0x00000003f2b00000)]
  0x00000110b5533610 JavaThread "C2 CompilerThread2" daemon [_thread_in_native, id=348, stack(0x00000003f3100000,0x00000003f3200000)]

Other Threads:
  0x00000110b0c59c00 VMThread "VM Thread" [stack: 0x00000003f1c00000,0x00000003f1d00000] [id=4312]
  0x00000110b0abd210 WatcherThread [stack: 0x00000003f2900000,0x00000003f2a00000] [id=10016]
  0x0000011092ed5210 GCTaskThread "GC Thread#0" [stack: 0x00000003f1700000,0x00000003f1800000] [id=3312]
  0x00000110b4de4150 GCTaskThread "GC Thread#1" [stack: 0x00000003f2b00000,0x00000003f2c00000] [id=9944]
  0x00000110b4d42ff0 GCTaskThread "GC Thread#2" [stack: 0x00000003f2c00000,0x00000003f2d00000] [id=7824]
  0x00000110b4de0470 GCTaskThread "GC Thread#3" [stack: 0x00000003f2d00000,0x00000003f2e00000] [id=5904]
  0x00000110b4e10dd0 GCTaskThread "GC Thread#4" [stack: 0x00000003f2e00000,0x00000003f2f00000] [id=11892]
  0x00000110b4e11080 GCTaskThread "GC Thread#5" [stack: 0x00000003f2f00000,0x00000003f3000000] [id=5136]
  0x00000110b4e11d50 GCTaskThread "GC Thread#6" [stack: 0x00000003f3000000,0x00000003f3100000] [id=3296]
  0x00000110b5052220 GCTaskThread "GC Thread#7" [stack: 0x00000003f3200000,0x00000003f3300000] [id=12224]
  0x00000110b0ab5fc0 ConcurrentGCThread "G1 Main Marker" [stack: 0x00000003f1800000,0x00000003f1900000] [id=6984]
  0x0000011092edcc50 ConcurrentGCThread "G1 Conc#0" [stack: 0x00000003f1900000,0x00000003f1a00000] [id=492]
  0x00000110b5050ca0 ConcurrentGCThread "G1 Conc#1" [stack: 0x00000003f3300000,0x00000003f3400000] [id=9156]
  0x00000110b0b92810 ConcurrentGCThread "G1 Refine#0" [stack: 0x00000003f1a00000,0x00000003f1b00000] [id=13752]
  0x00000110b0b93230 ConcurrentGCThread "G1 Service" [stack: 0x00000003f1b00000,0x00000003f1c00000] [id=4144]

Threads with active compile tasks:
C2 CompilerThread0     4365 3051       4       org.springframework.beans.factory.support.AbstractBeanFactory::isTypeMatch (619 bytes)
C2 CompilerThread1     4365 3430       4       java.util.Properties::loadConvert (540 bytes)
C2 CompilerThread2     4365 3434   !   4       java.net.URL::<init> (543 bytes)

VM state: not at safepoint (normal execution)

VM Mutex/Monitor currently owned by a thread: None

Heap address: 0x0000000741c00000, size: 3044 MB, Compressed Oops mode: Zero based, Oop shift amount: 3

CDS archive(s) mapped at: [0x0000000800000000-0x0000000800bc0000-0x0000000800bc0000), size 12320768, SharedBaseAddress: 0x0000000800000000, ArchiveRelocationMode: 0.
Compressed class space mapped at: 0x0000000800c00000-0x0000000840c00000, reserved size: 1073741824
Narrow klass base: 0x0000000800000000, Narrow klass shift: 0, Narrow klass range: 0x100000000

GC Precious Log:
 CPUs: 8 total, 8 available
 Memory: 12175M
 Large Page Support: Disabled
 NUMA Support: Disabled
 Compressed Oops: Enabled (Zero based)
 Heap Region Size: 2M
 Heap Min Capacity: 8M
 Heap Initial Capacity: 192M
 Heap Max Capacity: 3044M
 Pre-touch: Disabled
 Parallel Workers: 8
 Concurrent Workers: 2
 Concurrent Refinement Workers: 8
 Periodic GC: Disabled

Heap:
 garbage-first heap   total 55296K, used 29185K [0x0000000741c00000, 0x0000000800000000)
  region size 2048K, 12 young (24576K), 3 survivors (6144K)
 Metaspace       used 25435K, committed 25856K, reserved 1073152K
  class space    used 3190K, committed 3392K, reserved 1048576K

Heap Regions: E=young(eden), S=young(survivor), O=old, HS=humongous(starts), HC=humongous(continues), CS=collection set, F=free, OA=open archive, CA=closed archive, TAMS=top-at-mark-start (previous, next)
|   0|0x0000000741c00000, 0x0000000741e00000, 0x0000000741e00000|100%| O|  |TAMS 0x0000000741e00000, 0x0000000741c00000| Untracked 
|   1|0x0000000741e00000, 0x0000000742000000, 0x0000000742000000|100%| O|  |TAMS 0x0000000742000000, 0x0000000741e00000| Untracked 
|   2|0x0000000742000000, 0x0000000742200000, 0x0000000742200000|100%| O|  |TAMS 0x0000000742200000, 0x0000000742000000| Untracked 
|   3|0x0000000742200000, 0x00000007422b0200, 0x0000000742400000| 34%| O|  |TAMS 0x00000007422b0200, 0x0000000742200000| Complete 
|   4|0x0000000742400000, 0x0000000742400000, 0x0000000742600000|  0%| F|  |TAMS 0x0000000742400000, 0x0000000742400000| Untracked 
|   5|0x0000000742600000, 0x0000000742600000, 0x0000000742800000|  0%| F|  |TAMS 0x0000000742600000, 0x0000000742600000| Untracked 
|   6|0x0000000742800000, 0x0000000742800000, 0x0000000742a00000|  0%| F|  |TAMS 0x0000000742800000, 0x0000000742800000| Untracked 
|   7|0x0000000742a00000, 0x0000000742a00000, 0x0000000742c00000|  0%| F|  |TAMS 0x0000000742a00000, 0x0000000742a00000| Untracked 
|   8|0x0000000742c00000, 0x0000000742c00000, 0x0000000742e00000|  0%| F|  |TAMS 0x0000000742c00000, 0x0000000742c00000| Untracked 
|   9|0x0000000742e00000, 0x0000000742e00000, 0x0000000743000000|  0%| F|  |TAMS 0x0000000742e00000, 0x0000000742e00000| Untracked 
|  10|0x0000000743000000, 0x0000000743000000, 0x0000000743200000|  0%| F|  |TAMS 0x0000000743000000, 0x0000000743000000| Untracked 
|  11|0x0000000743200000, 0x0000000743200000, 0x0000000743400000|  0%| F|  |TAMS 0x0000000743200000, 0x0000000743200000| Untracked 
|  12|0x0000000743400000, 0x0000000743400000, 0x0000000743600000|  0%| F|  |TAMS 0x0000000743400000, 0x0000000743400000| Untracked 
|  13|0x0000000743600000, 0x0000000743600000, 0x0000000743800000|  0%| F|  |TAMS 0x0000000743600000, 0x0000000743600000| Untracked 
|  14|0x0000000743800000, 0x0000000743800000, 0x0000000743a00000|  0%| F|  |TAMS 0x0000000743800000, 0x0000000743800000| Untracked 
|  15|0x0000000743a00000, 0x0000000743c00000, 0x0000000743c00000|100%| E|  |TAMS 0x0000000743a00000, 0x0000000743a00000| Complete 
|  16|0x0000000743c00000, 0x0000000743e00000, 0x0000000743e00000|100%| E|CS|TAMS 0x0000000743c00000, 0x0000000743c00000| Complete 
|  17|0x0000000743e00000, 0x0000000744000000, 0x0000000744000000|100%| E|CS|TAMS 0x0000000743e00000, 0x0000000743e00000| Complete 
|  18|0x0000000744000000, 0x0000000744200000, 0x0000000744200000|100%| E|CS|TAMS 0x0000000744000000, 0x0000000744000000| Complete 
|  19|0x0000000744200000, 0x0000000744400000, 0x0000000744400000|100%| E|CS|TAMS 0x0000000744200000, 0x0000000744200000| Complete 
|  20|0x0000000744400000, 0x0000000744600000, 0x0000000744600000|100%| E|CS|TAMS 0x0000000744400000, 0x0000000744400000| Complete 
|  21|0x0000000744600000, 0x0000000744800000, 0x0000000744800000|100%| E|CS|TAMS 0x0000000744600000, 0x0000000744600000| Complete 
|  22|0x0000000744800000, 0x0000000744a00000, 0x0000000744a00000|100%| E|CS|TAMS 0x0000000744800000, 0x0000000744800000| Complete 
|  64|0x0000000749c00000, 0x0000000749dd0280, 0x0000000749e00000| 90%| S|CS|TAMS 0x0000000749c00000, 0x0000000749c00000| Complete 
|  65|0x0000000749e00000, 0x000000074a000000, 0x000000074a000000|100%| S|CS|TAMS 0x0000000749e00000, 0x0000000749e00000| Complete 
|  66|0x000000074a000000, 0x000000074a200000, 0x000000074a200000|100%| S|CS|TAMS 0x000000074a000000, 0x000000074a000000| Complete 
|  95|0x000000074da00000, 0x000000074dc00000, 0x000000074dc00000|100%| E|CS|TAMS 0x000000074da00000, 0x000000074da00000| Complete 

Card table byte_map: [0x00000110a9f90000,0x00000110aa590000] _byte_map_base: 0x00000110a6582000

Marking Bits (Prev, Next): (CMBitMap*) 0x0000011092ed5860, (CMBitMap*) 0x0000011092ed5820
 Prev Bits: [0x00000110adb20000, 0x00000110b0ab0000)
 Next Bits: [0x00000110aab90000, 0x00000110adb20000)

Polling page: 0x0000011090ad0000

Metaspace:

Usage:
  Non-class:     21.74 MB used.
      Class:      3.12 MB used.
       Both:     24.86 MB used.

Virtual space:
  Non-class space:       24.00 MB reserved,      21.94 MB ( 91%) committed,  3 nodes.
      Class space:        1.00 GB reserved,       3.31 MB ( <1%) committed,  1 nodes.
             Both:        1.02 GB reserved,      25.25 MB (  2%) committed. 

Chunk freelists:
   Non-Class:  1.58 MB
       Class:  587.00 KB
        Both:  2.15 MB

MaxMetaspaceSize: unlimited
CompressedClassSpaceSize: 1.00 GB
Initial GC threshold: 21.00 MB
Current GC threshold: 35.25 MB
CDS: on
MetaspaceReclaimPolicy: balanced
 - commit_granule_bytes: 65536.
 - commit_granule_words: 8192.
 - virtual_space_node_default_size: 1048576.
 - enlarge_chunks_in_place: 1.
 - new_chunks_are_fully_committed: 0.
 - uncommit_free_chunks: 1.
 - use_allocation_guard: 0.
 - handle_deallocations: 1.


Internal statistics:

num_allocs_failed_limit: 3.
num_arena_births: 460.
num_arena_deaths: 0.
num_vsnodes_births: 4.
num_vsnodes_deaths: 0.
num_space_committed: 404.
num_space_uncommitted: 0.
num_chunks_returned_to_freelist: 3.
num_chunks_taken_from_freelist: 1375.
num_chunk_merges: 3.
num_chunk_splits: 934.
num_chunks_enlarged: 684.
num_purges: 0.
num_inconsistent_stats: 0.

CodeHeap 'non-profiled nmethods': size=120000Kb used=1800Kb max_used=1800Kb free=118199Kb
 bounds [0x00000110a2130000, 0x00000110a23a0000, 0x00000110a9660000]
CodeHeap 'profiled nmethods': size=120000Kb used=7447Kb max_used=7447Kb free=112552Kb
 bounds [0x000001109ac00000, 0x000001109b350000, 0x00000110a2130000]
CodeHeap 'non-nmethods': size=5760Kb used=1210Kb max_used=1262Kb free=4549Kb
 bounds [0x000001109a660000, 0x000001109a8d0000, 0x000001109ac00000]
 total_blobs=3946 nmethods=3433 adapters=425
 compilation: enabled
              stopped_count=0, restarted_count=0
 full_count=0

Compilation events (20 events):
Event: 3.985 Thread 0x00000110b0c816a0 3303       3       jdk.internal.misc.VM::isSystemDomainLoader (17 bytes)
Event: 3.986 Thread 0x00000110b0c816a0 nmethod 3303 0x000001109b2ee610 code [0x000001109b2ee860, 0x000001109b2ef318]
Event: 3.986 Thread 0x00000110b0c816a0 3304       3       java.lang.Exception::<init> (7 bytes)
Event: 3.986 Thread 0x00000110b0c816a0 nmethod 3304 0x000001109b2ef690 code [0x000001109b2ef820, 0x000001109b2ef968]
Event: 3.986 Thread 0x00000110b0c816a0 3305       3       java.lang.Throwable::<init> (39 bytes)
Event: 3.987 Thread 0x00000110b0c816a0 nmethod 3305 0x000001109b2efa10 code [0x000001109b2efbe0, 0x000001109b2f0048]
Event: 3.987 Thread 0x00000110b0c816a0 3306       3       java.util.Properties$LineReader::readLine (584 bytes)
Event: 3.990 Thread 0x00000110b0c816a0 nmethod 3306 0x000001109b2f0110 code [0x000001109b2f04e0, 0x000001109b2f3078]
Event: 3.998 Thread 0x00000110b38c6740 nmethod 3190 0x00000110a22c9310 code [0x00000110a22c9580, 0x00000110a22cc080]
Event: 3.998 Thread 0x00000110b38c6740 3295       4       org.springframework.core.annotation.TypeMappedAnnotations$MergedAnnotationFinder::doWithAggregate (7 bytes)
Event: 3.999 Thread 0x00000110b38c6740 nmethod 3295 0x00000110a22cd690 code [0x00000110a22cd800, 0x00000110a22cd878]
Event: 3.999 Thread 0x00000110b38c6740 3294       4       org.springframework.core.annotation.MergedAnnotations$Search$$Lambda$37/0x0000000800c2fba0::test (8 bytes)
Event: 4.000 Thread 0x00000110b38c6740 nmethod 3294 0x00000110a22cd990 code [0x00000110a22cdb00, 0x00000110a22cdb98]
Event: 4.000 Thread 0x00000110b38c6740 3299       4       java.util.Collections$EmptyMap::values (4 bytes)
Event: 4.000 Thread 0x00000110b38c6740 nmethod 3299 0x00000110a22cdc90 code [0x00000110a22cde00, 0x00000110a22cde78]
Event: 4.000 Thread 0x00000110b38c6740 3301       4       java.util.Collections$EmptySet::toArray (11 bytes)
Event: 4.000 Thread 0x00000110b0c816a0 3307       3       java.util.Properties::loadConvert (540 bytes)
Event: 4.001 Thread 0x00000110b38c6740 nmethod 3301 0x00000110a22cdf90 code [0x00000110a22ce100, 0x00000110a22ce198]
Event: 4.001 Thread 0x00000110b38c6740 3302       4       org.springframework.core.annotation.TypeMappedAnnotations$MergedAnnotationFinder::doWithAnnotations (10 bytes)
Event: 4.002 Thread 0x00000110b0c816a0 nmethod 3307 0x000001109b2f3d90 code [0x000001109b2f4080, 0x000001109b2f54b8]

GC Heap History (6 events):
Event: 1.081 GC heap before
{Heap before GC invocations=0 (full 0):
 garbage-first heap   total 196608K, used 20480K [0x0000000741c00000, 0x0000000800000000)
  region size 2048K, 11 young (22528K), 0 survivors (0K)
 Metaspace       used 5738K, committed 5952K, reserved 1056768K
  class space    used 652K, committed 768K, reserved 1048576K
}
Event: 1.089 GC heap after
{Heap after GC invocations=1 (full 0):
 garbage-first heap   total 196608K, used 7162K [0x0000000741c00000, 0x0000000800000000)
  region size 2048K, 2 young (4096K), 2 survivors (4096K)
 Metaspace       used 5738K, committed 5952K, reserved 1056768K
  class space    used 652K, committed 768K, reserved 1048576K
}
Event: 1.696 GC heap before
{Heap before GC invocations=1 (full 0):
 garbage-first heap   total 196608K, used 29690K [0x0000000741c00000, 0x0000000800000000)
  region size 2048K, 14 young (28672K), 2 survivors (4096K)
 Metaspace       used 11914K, committed 12032K, reserved 1064960K
  class space    used 1418K, committed 1472K, reserved 1048576K
}
Event: 1.703 GC heap after
{Heap after GC invocations=2 (full 0):
 garbage-first heap   total 196608K, used 8996K [0x0000000741c00000, 0x0000000800000000)
  region size 2048K, 2 young (4096K), 2 survivors (4096K)
 Metaspace       used 11914K, committed 12032K, reserved 1064960K
  class space    used 1418K, committed 1472K, reserved 1048576K
}
Event: 3.473 GC heap before
{Heap before GC invocations=2 (full 0):
 garbage-first heap   total 196608K, used 62244K [0x0000000741c00000, 0x0000000800000000)
  region size 2048K, 29 young (59392K), 2 survivors (4096K)
 Metaspace       used 21223K, committed 21504K, reserved 1073152K
  class space    used 2651K, committed 2752K, reserved 1048576K
}
Event: 3.485 GC heap after
{Heap after GC invocations=3 (full 0):
 garbage-first heap   total 196608K, used 12801K [0x0000000741c00000, 0x0000000800000000)
  region size 2048K, 3 young (6144K), 3 survivors (6144K)
 Metaspace       used 21223K, committed 21504K, reserved 1073152K
  class space    used 2651K, committed 2752K, reserved 1048576K
}

Deoptimization events (20 events):
Event: 3.909 Thread 0x0000011092e92130 Uncommon trap: trap_request=0xffffff45 fr.pc=0x00000110a2247284 relative=0x0000000000000064
Event: 3.909 Thread 0x0000011092e92130 Uncommon trap: reason=unstable_if action=reinterpret pc=0x00000110a2247284 method=sun.net.www.ParseUtil.firstEncodeIndex(Ljava/lang/String;)I @ 51 c2
Event: 3.909 Thread 0x0000011092e92130 DEOPT PACKING pc=0x00000110a2247284 sp=0x00000003f16fa850
Event: 3.909 Thread 0x0000011092e92130 DEOPT UNPACKING pc=0x000001109a6b23a3 sp=0x00000003f16fa768 mode 2
Event: 3.910 Thread 0x0000011092e92130 Uncommon trap: trap_request=0xffffff45 fr.pc=0x00000110a218717c relative=0x000000000000005c
Event: 3.910 Thread 0x0000011092e92130 Uncommon trap: reason=unstable_if action=reinterpret pc=0x00000110a218717c method=sun.net.www.ParseUtil.firstEncodeIndex(Ljava/lang/String;)I @ 51 c2
Event: 3.910 Thread 0x0000011092e92130 DEOPT PACKING pc=0x00000110a218717c sp=0x00000003f16fa710
Event: 3.910 Thread 0x0000011092e92130 DEOPT UNPACKING pc=0x000001109a6b23a3 sp=0x00000003f16fa6a0 mode 2
Event: 3.944 Thread 0x0000011092e92130 Uncommon trap: trap_request=0xffffff45 fr.pc=0x00000110a22c40b0 relative=0x0000000000000290
Event: 3.944 Thread 0x0000011092e92130 Uncommon trap: reason=unstable_if action=reinterpret pc=0x00000110a22c40b0 method=java.util.concurrent.ConcurrentHashMap.get(Ljava/lang/Object;)Ljava/lang/Object; @ 152 c2
Event: 3.944 Thread 0x0000011092e92130 DEOPT PACKING pc=0x00000110a22c40b0 sp=0x00000003f16fc530
Event: 3.944 Thread 0x0000011092e92130 DEOPT UNPACKING pc=0x000001109a6b23a3 sp=0x00000003f16fc4a8 mode 2
Event: 3.991 Thread 0x0000011092e92130 Uncommon trap: trap_request=0xffffff45 fr.pc=0x00000110a21ce9c4 relative=0x0000000000000484
Event: 3.991 Thread 0x0000011092e92130 Uncommon trap: reason=unstable_if action=reinterpret pc=0x00000110a21ce9c4 method=java.util.LinkedHashMap.get(Ljava/lang/Object;)Ljava/lang/Object; @ 16 c2
Event: 3.991 Thread 0x0000011092e92130 DEOPT PACKING pc=0x00000110a21ce9c4 sp=0x00000003f16fe670
Event: 3.991 Thread 0x0000011092e92130 DEOPT UNPACKING pc=0x000001109a6b23a3 sp=0x00000003f16fe628 mode 2
Event: 4.000 Thread 0x0000011092e92130 Uncommon trap: trap_request=0xffffff45 fr.pc=0x00000110a21ef424 relative=0x0000000000000564
Event: 4.000 Thread 0x0000011092e92130 Uncommon trap: reason=unstable_if action=reinterpret pc=0x00000110a21ef424 method=java.util.Properties.loadConvert([CIILjava/lang/StringBuilder;)Ljava/lang/String; @ 26 c2
Event: 4.000 Thread 0x0000011092e92130 DEOPT PACKING pc=0x00000110a21ef424 sp=0x00000003f16fe110
Event: 4.000 Thread 0x0000011092e92130 DEOPT UNPACKING pc=0x000001109a6b23a3 sp=0x00000003f16fe0a8 mode 2

Classes unloaded (0 events):
No events

Classes redefined (0 events):
No events

Internal exceptions (20 events):
Event: 3.168 Thread 0x0000011092e92130 Exception <a 'java/lang/NoSuchMethodError'{0x000000074a8e5050}: 'int java.lang.invoke.DirectMethodHandle$Holder.invokeSpecial(java.lang.Object, java.lang.Object, int)'> (0x000000074a8e5050) 
thrown [t:\workspace\open\src\hotspot\share\interpreter\linkResolver.cpp, line 766]
Event: 3.169 Thread 0x0000011092e92130 Exception <a 'java/lang/NoSuchMethodError'{0x000000074a8ec9b0}: 'int java.lang.invoke.Invokers$Holder.linkToTargetMethod(java.lang.Object, java.lang.Object)'> (0x000000074a8ec9b0) 
thrown [t:\workspace\open\src\hotspot\share\interpreter\linkResolver.cpp, line 766]
Event: 3.187 Thread 0x0000011092e92130 Exception <a 'java/lang/NoSuchMethodError'{0x000000074a978f38}: 'java.lang.Object java.lang.invoke.DirectMethodHandle$Holder.invokeSpecial(java.lang.Object, java.lang.Object, java.lang.Object, java.lang.Object, java.lang.Object, java.lang.Object, java.lang.Object, java.lang.Object, java.lang.Object, java.lang.Object)'> (0x000000074a978f38) 
thrown [t:\workspace\open\src\hotspot\share\interpreter\linkResolver.cpp, line 766]
Event: 3.188 Thread 0x0000011092e92130 Exception <a 'java/lang/NoSuchMethodError'{0x000000074a97d520}: 'java.lang.Object java.lang.invoke.Invokers$Holder.invoke_MT(java.lang.Object, java.lang.Object, java.lang.Object, java.lang.Object, java.lang.Object, java.lang.Object, java.lang.Object, java.lang.Object, java.lang.Object, java.lang.Object)'> (0x000000074a97d520) 
thrown [t:\workspace\open\src\hotspot\share\interpreter\linkResolver.cpp, line 766]
Event: 3.198 Thread 0x0000011092e92130 Exception <a 'java/lang/NoSuchMethodError'{0x000000074a9bbee0}: 'java.lang.Object java.lang.invoke.DirectMethodHandle$Holder.invokeSpecial(java.lang.Object, java.lang.Object, int, java.lang.Object, java.lang.Object)'> (0x000000074a9bbee0) 
thrown [t:\workspace\open\src\hotspot\share\interpreter\linkResolver.cpp, line 766]
Event: 3.198 Thread 0x0000011092e92130 Exception <a 'java/lang/NoSuchMethodError'{0x000000074a9bfb88}: 'java.lang.Object java.lang.invoke.DelegatingMethodHandle$Holder.delegate(java.lang.Object, int, java.lang.Object, java.lang.Object)'> (0x000000074a9bfb88) 
thrown [t:\workspace\open\src\hotspot\share\interpreter\linkResolver.cpp, line 766]
Event: 3.201 Thread 0x0000011092e92130 Exception <a 'java/lang/NoSuchMethodError'{0x000000074a9d0a10}: 'int java.lang.invoke.Invokers$Holder.linkToTargetMethod(java.lang.Object, java.lang.Object, java.lang.Object)'> (0x000000074a9d0a10) 
thrown [t:\workspace\open\src\hotspot\share\interpreter\linkResolver.cpp, line 766]
Event: 3.258 Thread 0x0000011092e92130 Exception <a 'java/lang/NoClassDefFoundError'{0x000000074a6e95b8}: org/flywaydb/core/Flyway> (0x000000074a6e95b8) 
thrown [t:\workspace\open\src\hotspot\share\classfile\systemDictionary.cpp, line 245]
Event: 3.258 Thread 0x0000011092e92130 Exception <a 'java/lang/NoClassDefFoundError'{0x000000074a6ebb58}: liquibase/integration/spring/SpringLiquibase> (0x000000074a6ebb58) 
thrown [t:\workspace\open\src\hotspot\share\classfile\systemDictionary.cpp, line 245]
Event: 3.315 Thread 0x0000011092e92130 Exception <a 'java/lang/NoClassDefFoundError'{0x000000074a481120}: org/jooq/DSLContext> (0x000000074a481120) 
thrown [t:\workspace\open\src\hotspot\share\classfile\systemDictionary.cpp, line 245]
Event: 3.317 Thread 0x0000011092e92130 Exception <a 'java/lang/NoClassDefFoundError'{0x000000074a48bdc8}: org/springframework/batch/core/repository/JobRepository> (0x000000074a48bdc8) 
thrown [t:\workspace\open\src\hotspot\share\classfile\systemDictionary.cpp, line 245]
Event: 3.317 Thread 0x0000011092e92130 Exception <a 'java/lang/NoClassDefFoundError'{0x000000074a48def8}: org/quartz/Scheduler> (0x000000074a48def8) 
thrown [t:\workspace\open\src\hotspot\share\classfile\systemDictionary.cpp, line 245]
Event: 3.317 Thread 0x0000011092e92130 Exception <a 'java/lang/NoClassDefFoundError'{0x000000074a4905f8}: org/springframework/session/jdbc/JdbcIndexedSessionRepository> (0x000000074a4905f8) 
thrown [t:\workspace\open\src\hotspot\share\classfile\systemDictionary.cpp, line 245]
Event: 3.361 Thread 0x0000011092e92130 Exception <a 'java/lang/NoSuchMethodError'{0x000000074a58a6b8}: 'void java.lang.invoke.DirectMethodHandle$Holder.invokeSpecial(java.lang.Object, java.lang.Object, java.lang.Object, java.lang.Object, java.lang.Object, java.lang.Object)'> (0x000000074a58a6b8) 
thrown [t:\workspace\open\src\hotspot\share\interpreter\linkResolver.cpp, line 766]
Event: 3.544 Thread 0x0000011092e92130 Exception <a 'java/lang/NoSuchMethodError'{0x000000074dafb5a0}: 'java.lang.Object java.lang.invoke.DirectMethodHandle$Holder.invokeSpecialIFC(java.lang.Object, java.lang.Object, java.lang.Object)'> (0x000000074dafb5a0) 
thrown [t:\workspace\open\src\hotspot\share\interpreter\linkResolver.cpp, line 766]
Event: 3.596 Thread 0x0000011092e92130 Implicit null exception at 0x00000110a21dd6a6 to 0x00000110a21de7e8
Event: 3.778 Thread 0x0000011092e92130 Implicit null exception at 0x00000110a2277e24 to 0x00000110a2278318
Event: 3.830 Thread 0x0000011092e92130 Exception <a 'java/lang/NoSuchMethodError'{0x0000000744423ac8}: 'void java.lang.invoke.DirectMethodHandle$Holder.invokeInterface(java.lang.Object, java.lang.Object, int)'> (0x0000000744423ac8) 
thrown [t:\workspace\open\src\hotspot\share\interpreter\linkResolver.cpp, line 766]
Event: 3.841 Thread 0x0000011092e92130 Exception <a 'java/lang/IncompatibleClassChangeError'{0x0000000744473fb0}: Found class java.lang.Object, but interface was expected> (0x0000000744473fb0) 
thrown [t:\workspace\open\src\hotspot\share\interpreter\linkResolver.cpp, line 833]
Event: 3.842 Thread 0x0000011092e92130 Exception <a 'java/lang/NoSuchMethodError'{0x0000000744479098}: 'void java.lang.invoke.DirectMethodHandle$Holder.invokeStatic(java.lang.Object, int, java.lang.Object)'> (0x0000000744479098) 
thrown [t:\workspace\open\src\hotspot\share\interpreter\linkResolver.cpp, line 766]

VM Operations (20 events):
Event: 3.140 Executing VM operation: HandshakeAllThreads
Event: 3.140 Executing VM operation: HandshakeAllThreads done
Event: 3.174 Executing VM operation: HandshakeAllThreads
Event: 3.174 Executing VM operation: HandshakeAllThreads done
Event: 3.317 Executing VM operation: ICBufferFull
Event: 3.317 Executing VM operation: ICBufferFull done
Event: 3.473 Executing VM operation: CollectForMetadataAllocation
Event: 3.485 Executing VM operation: CollectForMetadataAllocation done
Event: 3.495 Executing VM operation: HandshakeAllThreads
Event: 3.496 Executing VM operation: HandshakeAllThreads done
Event: 3.499 Executing VM operation: G1Concurrent
Event: 3.503 Executing VM operation: G1Concurrent done
Event: 3.505 Executing VM operation: G1Concurrent
Event: 3.511 Executing VM operation: G1Concurrent done
Event: 3.800 Executing VM operation: HandshakeAllThreads
Event: 3.800 Executing VM operation: HandshakeAllThreads done
Event: 3.933 Executing VM operation: ICBufferFull
Event: 3.934 Executing VM operation: ICBufferFull done
Event: 3.973 Executing VM operation: HandshakeAllThreads
Event: 3.973 Executing VM operation: HandshakeAllThreads done

Events (20 events):
Event: 3.991 loading class javax/management/ServiceNotFoundException
Event: 3.991 loading class javax/management/ServiceNotFoundException done
Event: 3.992 loading class java/util/concurrent/locks/ReentrantReadWriteLock
Event: 3.992 loading class java/util/concurrent/locks/ReentrantReadWriteLock done
Event: 3.992 loading class java/util/concurrent/locks/ReentrantReadWriteLock$NonfairSync
Event: 3.992 loading class java/util/concurrent/locks/ReentrantReadWriteLock$Sync
Event: 3.992 loading class java/util/concurrent/locks/ReentrantReadWriteLock$Sync done
Event: 3.992 loading class java/util/concurrent/locks/ReentrantReadWriteLock$NonfairSync done
Event: 3.992 loading class java/util/concurrent/locks/ReentrantReadWriteLock$Sync$ThreadLocalHoldCounter
Event: 3.992 loading class java/util/concurrent/locks/ReentrantReadWriteLock$Sync$ThreadLocalHoldCounter done
Event: 3.992 loading class java/util/concurrent/locks/ReentrantReadWriteLock$ReadLock
Event: 3.992 loading class java/util/concurrent/locks/ReentrantReadWriteLock$ReadLock done
Event: 3.992 loading class java/util/concurrent/locks/ReentrantReadWriteLock$WriteLock
Event: 3.992 loading class java/util/concurrent/locks/ReentrantReadWriteLock$WriteLock done
Event: 3.994 loading class javax/management/MBeanFeatureInfo
Event: 3.994 loading class javax/management/DescriptorRead
Event: 3.994 loading class javax/management/DescriptorRead done
Event: 3.994 loading class javax/management/MBeanFeatureInfo done
Event: 3.994 loading class javax/management/MBeanAttributeInfo
Event: 3.995 loading class javax/management/MBeanAttributeInfo done


Dynamic libraries:
0x00007ff745ad0000 - 0x00007ff745ae0000 	C:\Program Files\Java\jdk-17.0.2\bin\java.exe
0x00007ffbd71d0000 - 0x00007ffbd73c8000 	C:\WINDOWS\SYSTEM32\ntdll.dll
0x00007ffb8ebc0000 - 0x00007ffb8ebd9000 	G:\avg\aswhook.dll
0x00007ffbd52f0000 - 0x00007ffbd53af000 	C:\WINDOWS\System32\KERNEL32.DLL
0x00007ffbd4f30000 - 0x00007ffbd5226000 	C:\WINDOWS\System32\KERNELBASE.dll
0x00007ffbd4a90000 - 0x00007ffbd4b90000 	C:\WINDOWS\System32\ucrtbase.dll
0x00007ffba0520000 - 0x00007ffba0538000 	C:\Program Files\Java\jdk-17.0.2\bin\jli.dll
0x00007ffba0020000 - 0x00007ffba003a000 	C:\Program Files\Java\jdk-17.0.2\bin\VCRUNTIME140.dll
0x00007ffbd6300000 - 0x00007ffbd63af000 	C:\WINDOWS\System32\ADVAPI32.dll
0x00007ffbd53b0000 - 0x00007ffbd544e000 	C:\WINDOWS\System32\msvcrt.dll
0x00007ffbd5db0000 - 0x00007ffbd5e4c000 	C:\WINDOWS\System32\sechost.dll
0x00007ffbd6490000 - 0x00007ffbd65b6000 	C:\WINDOWS\System32\RPCRT4.dll
0x00007ffbd5570000 - 0x00007ffbd570d000 	C:\WINDOWS\System32\USER32.dll
0x00007ffbd4bc0000 - 0x00007ffbd4be2000 	C:\WINDOWS\System32\win32u.dll
0x00007ffbc8990000 - 0x00007ffbc8c2a000 	C:\WINDOWS\WinSxS\amd64_microsoft.windows.common-controls_6595b64144ccf1df_6.0.19041.1110_none_60b5254171f9507e\COMCTL32.dll
0x00007ffbd67f0000 - 0x00007ffbd681c000 	C:\WINDOWS\System32\GDI32.dll
0x00007ffbd4e10000 - 0x00007ffbd4f25000 	C:\WINDOWS\System32\gdi32full.dll
0x00007ffbd4940000 - 0x00007ffbd49dd000 	C:\WINDOWS\System32\msvcp_win.dll
0x00007ffbd46c0000 - 0x00007ffbd46ca000 	C:\WINDOWS\SYSTEM32\VERSION.dll
0x00007ffbd57e0000 - 0x00007ffbd5810000 	C:\WINDOWS\System32\IMM32.DLL
0x00007ffbd46d0000 - 0x00007ffbd4700000 	C:\WINDOWS\system32\DriverStore\FileRepository\nvltwi.inf_amd64_b666f1a20f797f2a\nvinitx.dll
0x00007ffbd68c0000 - 0x00007ffbd7004000 	C:\WINDOWS\System32\Shell32.dll
0x00007ffbd2530000 - 0x00007ffbd2cc3000 	C:\WINDOWS\SYSTEM32\windows.storage.dll
0x00007ffbd5f40000 - 0x00007ffbd6294000 	C:\WINDOWS\System32\combase.dll
0x00007ffbd4110000 - 0x00007ffbd413e000 	C:\WINDOWS\SYSTEM32\Wldp.dll
0x00007ffbd5230000 - 0x00007ffbd52dd000 	C:\WINDOWS\System32\SHCORE.dll
0x00007ffbd5e50000 - 0x00007ffbd5ea5000 	C:\WINDOWS\System32\shlwapi.dll
0x0000000059570000 - 0x0000000059576000 	C:\Program Files\NVIDIA Corporation\CoProcManager\_etoured.dll
0x00007ffbcbf50000 - 0x00007ffbcbf8b000 	C:\Program Files\NVIDIA Corporation\CoProcManager\nvd3d9wrapx.dll
0x00007ffbd5940000 - 0x00007ffbd5da8000 	C:\WINDOWS\System32\SETUPAPI.dll
0x00007ffbd4bf0000 - 0x00007ffbd4c3e000 	C:\WINDOWS\System32\cfgmgr32.dll
0x00007ffbd4b90000 - 0x00007ffbd4bb7000 	C:\WINDOWS\System32\bcrypt.dll
0x00007ffbcbf10000 - 0x00007ffbcbf34000 	C:\Program Files\NVIDIA Corporation\CoProcManager\nvdxgiwrapx.dll
0x00007ffbc7320000 - 0x00007ffbc732c000 	C:\Program Files\Java\jdk-17.0.2\bin\vcruntime140_1.dll
0x00007ffb91f80000 - 0x00007ffb9200d000 	C:\Program Files\Java\jdk-17.0.2\bin\msvcp140.dll
0x00007ffb913b0000 - 0x00007ffb91f71000 	C:\Program Files\Java\jdk-17.0.2\bin\server\jvm.dll
0x00007ffbd6630000 - 0x00007ffbd6638000 	C:\WINDOWS\System32\PSAPI.DLL
0x00007ffbca0e0000 - 0x00007ffbca107000 	C:\WINDOWS\SYSTEM32\WINMM.dll
0x00007ffbc4560000 - 0x00007ffbc4569000 	C:\WINDOWS\SYSTEM32\WSOCK32.dll
0x00007ffbd65c0000 - 0x00007ffbd662b000 	C:\WINDOWS\System32\WS2_32.dll
0x00007ffbd3080000 - 0x00007ffbd3092000 	C:\WINDOWS\SYSTEM32\kernel.appcore.dll
0x00007ffbc1c00000 - 0x00007ffbc1c0a000 	C:\Program Files\Java\jdk-17.0.2\bin\jimage.dll
0x00007ffbd2da0000 - 0x00007ffbd2f84000 	C:\WINDOWS\SYSTEM32\DBGHELP.DLL
0x00007ffbcbe70000 - 0x00007ffbcbea4000 	C:\WINDOWS\SYSTEM32\dbgcore.DLL
0x00007ffbd48b0000 - 0x00007ffbd4932000 	C:\WINDOWS\System32\bcryptPrimitives.dll
0x00007ffbcffc0000 - 0x00007ffbcffce000 	C:\Program Files\Java\jdk-17.0.2\bin\instrument.dll
0x00007ffb91380000 - 0x00007ffb913a5000 	C:\Program Files\Java\jdk-17.0.2\bin\java.dll
0x00007ffb912a0000 - 0x00007ffb91376000 	C:\Program Files\Java\jdk-17.0.2\bin\jsvml.dll
0x00007ffbd47f0000 - 0x00007ffbd480f000 	C:\WINDOWS\SYSTEM32\profapi.dll
0x00007ffb91280000 - 0x00007ffb91298000 	C:\Program Files\Java\jdk-17.0.2\bin\zip.dll
0x00007ffb9bad0000 - 0x00007ffb9bae9000 	C:\Program Files\Java\jdk-17.0.2\bin\net.dll
0x00007ffbcca00000 - 0x00007ffbccb0a000 	C:\WINDOWS\SYSTEM32\WINHTTP.dll
0x00007ffbd3ef0000 - 0x00007ffbd3f5a000 	C:\WINDOWS\system32\mswsock.dll
0x00007ffb95d90000 - 0x00007ffb95da6000 	C:\Program Files\Java\jdk-17.0.2\bin\nio.dll
0x00007ffbc1640000 - 0x00007ffbc165a000 	C:\Program Files\JetBrains\IntelliJ IDEA Community Edition 2022.2.2\bin\breakgen64.dll
0x00007ffbb9650000 - 0x00007ffbb9660000 	C:\Program Files\Java\jdk-17.0.2\bin\verify.dll
0x00007ffbd44c0000 - 0x00007ffbd44d8000 	C:\WINDOWS\SYSTEM32\CRYPTSP.dll
0x00007ffbd3830000 - 0x00007ffbd3864000 	C:\WINDOWS\system32\rsaenh.dll
0x00007ffbd47b0000 - 0x00007ffbd47de000 	C:\WINDOWS\SYSTEM32\USERENV.dll
0x00007ffbd4080000 - 0x00007ffbd408c000 	C:\WINDOWS\SYSTEM32\CRYPTBASE.dll
0x00007ffbd3c00000 - 0x00007ffbd3c3c000 	C:\WINDOWS\SYSTEM32\IPHLPAPI.DLL
0x00007ffbd52e0000 - 0x00007ffbd52e8000 	C:\WINDOWS\System32\NSI.dll
0x00007ffbce110000 - 0x00007ffbce127000 	C:\WINDOWS\SYSTEM32\dhcpcsvc6.DLL
0x00007ffbce0f0000 - 0x00007ffbce10d000 	C:\WINDOWS\SYSTEM32\dhcpcsvc.DLL
0x00007ffbd3c40000 - 0x00007ffbd3d0b000 	C:\WINDOWS\SYSTEM32\DNSAPI.dll

dbghelp: loaded successfully - version: 4.0.5 - missing functions: none
symbol engine: initialized successfully - sym options: 0x614 - pdb path: .;C:\Program Files\Java\jdk-17.0.2\bin;C:\WINDOWS\SYSTEM32;G:\avg;C:\WINDOWS\WinSxS\amd64_microsoft.windows.common-controls_6595b64144ccf1df_6.0.19041.1110_none_60b5254171f9507e;C:\WINDOWS\system32\DriverStore\FileRepository\nvltwi.inf_amd64_b666f1a20f797f2a;C:\Program Files\NVIDIA Corporation\CoProcManager;C:\Program Files\Java\jdk-17.0.2\bin\server;C:\Program Files\JetBrains\IntelliJ IDEA Community Edition 2022.2.2\bin

VM Arguments:
jvm_args: -javaagent:C:\Program Files\JetBrains\IntelliJ IDEA Community Edition 2022.2.2\lib\idea_rt.jar=20003:C:\Program Files\JetBrains\IntelliJ IDEA Community Edition 2022.2.2\bin -Dfile.encoding=UTF-8 
java_command: com.example.app.AppApplication
java_class_path (initial): G:\Chrome_Downloads\app\app\target\classes;C:\Users\mitko\.m2\repository\org\springframework\boot\spring-boot-starter-web\3.0.7\spring-boot-starter-web-3.0.7.jar;C:\Users\mitko\.m2\repository\org\springframework\boot\spring-boot-starter\3.0.7\spring-boot-starter-3.0.7.jar;C:\Users\mitko\.m2\repository\org\springframework\boot\spring-boot\3.0.7\spring-boot-3.0.7.jar;C:\Users\mitko\.m2\repository\org\springframework\boot\spring-boot-autoconfigure\3.0.7\spring-boot-autoconfigure-3.0.7.jar;C:\Users\mitko\.m2\repository\org\springframework\boot\spring-boot-starter-logging\3.0.7\spring-boot-starter-logging-3.0.7.jar;C:\Users\mitko\.m2\repository\ch\qos\logback\logback-classic\1.4.7\logback-classic-1.4.7.jar;C:\Users\mitko\.m2\repository\ch\qos\logback\logback-core\1.4.7\logback-core-1.4.7.jar;C:\Users\mitko\.m2\repository\org\apache\logging\log4j\log4j-to-slf4j\2.19.0\log4j-to-slf4j-2.19.0.jar;C:\Users\mitko\.m2\repository\org\apache\logging\log4j\log4j-api\2.19.0\log4j-api-2.19.0.jar;C:\Users\mitko\.m2\repository\org\slf4j\jul-to-slf4j\2.0.7\jul-to-slf4j-2.0.7.jar;C:\Users\mitko\.m2\repository\jakarta\annotation\jakarta.annotation-api\2.1.1\jakarta.annotation-api-2.1.1.jar;C:\Users\mitko\.m2\repository\org\yaml\snakeyaml\1.33\snakeyaml-1.33.jar;C:\Users\mitko\.m2\repository\org\springframework\boot\spring-boot-starter-json\3.0.7\spring-boot-starter-json-3.0.7.jar;C:\Users\mitko\.m2\repository\com\fasterxml\jackson\core\jackson-databind\2.14.3\jackson-databind-2.14.3.jar;C:\Users\mitko\.m2\repository\com\fasterxml\jackson\core\jackson-annotations\2.14.3\jackson-annotations-2.14.3.jar;C:\Users\mitko\.m2\repository\com\fasterxml\jackson\core\jackson-core\2.14.3\jackson-core-2.14.3.jar;C:\Users\mitko\.m2\repository\com\fasterxml\jackson\datatype\jackson-datatype-jdk8\2.14.3\jackson-datatype-jdk8-2.14.3.jar;C:\Users\mitko\.m2\repository\com\fasterxml\jackson\datatype\jackson-datatype-jsr310\2.14.3\jackson-datatype-jsr310-2.14.3.jar;C:\Users\mitko\
Launcher Type: SUN_STANDARD

[Global flags]
     intx CICompilerCount                          = 4                                         {product} {ergonomic}
     uint ConcGCThreads                            = 2                                         {product} {ergonomic}
     uint G1ConcRefinementThreads                  = 8                                         {product} {ergonomic}
   size_t G1HeapRegionSize                         = 2097152                                   {product} {ergonomic}
    uintx GCDrainStackTargetSize                   = 64                                        {product} {ergonomic}
   size_t InitialHeapSize                          = 201326592                                 {product} {ergonomic}
   size_t MarkStackSize                            = 4194304                                   {product} {ergonomic}
   size_t MaxHeapSize                              = 3191865344                                {product} {ergonomic}
   size_t MaxNewSize                               = 1914699776                                {product} {ergonomic}
   size_t MinHeapDeltaBytes                        = 2097152                                   {product} {ergonomic}
   size_t MinHeapSize                              = 8388608                                   {product} {ergonomic}
    uintx NonNMethodCodeHeapSize                   = 5839372                                {pd product} {ergonomic}
    uintx NonProfiledCodeHeapSize                  = 122909434                              {pd product} {ergonomic}
    uintx ProfiledCodeHeapSize                     = 122909434                              {pd product} {ergonomic}
    uintx ReservedCodeCacheSize                    = 251658240                              {pd product} {ergonomic}
     bool SegmentedCodeCache                       = true                                      {product} {ergonomic}
   size_t SoftMaxHeapSize                          = 3191865344                             {manageable} {ergonomic}
     bool UseCompressedClassPointers               = true                           {product lp64_product} {ergonomic}
     bool UseCompressedOops                        = true                           {product lp64_product} {ergonomic}
     bool UseG1GC                                  = true                                      {product} {ergonomic}
     bool UseLargePagesIndividualAllocation        = false                                  {pd product} {ergonomic}

Logging:
Log output configuration:
 #0: stdout all=warning uptime,level,tags
 #1: stderr all=off uptime,level,tags

Environment Variables:
JAVA_HOME=C:\Program Files\Java\jdk-11.0.14
CLASSPATH=.;C:\Program Files\Java\jdk-11.0.14\lib;C:\Program Files\Java\jdk-11.0.14\jre\lib
PATH=G:\VMware\bin\;C:\Users\mitko\Downloads\apache-maven-3.8.6-bin\apache-maven-3.8.6\bin;C:\Program Files\Java\jdk-11.0.14\bin;C:\WINDOWS\system32;C:\WINDOWS;C:\WINDOWS\System32\Wbem;C:\WINDOWS\System32\WindowsPowerShell\v1.0\;C:\WINDOWS\System32\OpenSSH\;C:\Program Files\Git\cmd;C:\Program Files\nodejs\;C:\Users\mitko\AppData\Roaming\npm;C:\Users\mitko\AppData\Local;C:\Users\mitko\AppData\Local\Programs\Python\Python311;C:\Users\mitko\AppData\Local\Microsoft\WindowsApps;C:\Users\mitko\AppData\Local\Programs\Microsoft VS Code\bin;C:\Program Files\heroku\bin;C:\Program Files\Java\jdk-11.0.14\bin;C:\Program Files (x86)\Nmap;C:\Program Files\JetBrains\IntelliJ IDEA Community Edition 2022.2.2\bin;C:\Users\mitko\AppData\Roaming\Microsoft\Windows\Start Menu\Programs\Python 3.10;C:\Program Files\Git\mingw64\bin\;C:\Users\mitko\AppData\Local\Programs\Python\Python311\Scripts;C:\Program Files\Amazon\AWSCLIV2\;C:\Program Files\MySQL\MySQL Server 8.0\bin\;C:\Program Files\Docker\Docker\resources\bin;C:\Program Files\PostgreSQL\15\bin;C:\Users\mitko\Downloads\mongosh-1.8.0-win32-x64\mongosh-1.8.0-win32-x64\bin;C:\Users\mitko\AppData\Local\Programs\MiKTeX\miktex\bin\x64;C:\Program Files\MySQL\MySQL Shell 8.0\bin\;C:\Users\mitko\AppData\Local\Microsoft\WindowsApps;C:\Users\mitko\AppData\Roaming\npm;C:\Users\mitko\AppData\Local\Programs\Microsoft VS Code\bin;C:\Program Files\heroku\bin;C:\Program Files\Java\jdk-11.0.14\bin;C:\Program Files (x86)\Nmap;C:\Program Files\JetBrains\IntelliJ IDEA Community Edition 2022.2.2\bin;C:\Users\mitko\AppData\Local\gitkraken\bin;C:\Users\mitko\AppData\Local\Programs\MiKTeX\miktex\bin\x64\
USERNAME=mitko
OS=Windows_NT
PROCESSOR_IDENTIFIER=Intel64 Family 6 Model 42 Stepping 7, GenuineIntel



---------------  S Y S T E M  ---------------

OS:
 Windows 10 , 64 bit Build 19041 (10.0.19041.2913)
OS uptime: 0 days 3:04 hours
Hyper-V role detected

CPU: total 8 (initial active 8) (4 cores per cpu, 2 threads per core) family 6 model 42 stepping 7 microcode 0x2f, cx8, cmov, fxsr, ht, mmx, sse, sse2, sse3, ssse3, sse4.1, sse4.2, popcnt, tsc, tscinvbit, avx, aes, clmul, vzeroupper, clflush, hv

Memory: 4k page, system-wide physical 12175M (4204M free)
TotalPageFile size 14031M (AvailPageFile size 2727M)
current process WorkingSet (physical memory assigned to process): 165M, peak: 192M
current process commit charge ("private bytes"): 227M, peak: 367M

vm_info: Java HotSpot(TM) 64-Bit Server VM (17.0.2+8-LTS-86) for windows-amd64 JRE (17.0.2+8-LTS-86), built on Dec  7 2021 21:51:03 by "mach5one" with MS VC++ 16.8 / 16.9 (VS2019)

END.
